
> build
> react-router build

vite v7.3.1 building client environment for production...
transforming...
✓ 3136 modules transformed.
Generated an empty chunk: "company.api-route".
Generated an empty chunk: "company.admin.api-route".
Generated an empty chunk: "company.admin.employees.api-route".
Generated an empty chunk: "company.admin.employees.edit.api-route".
Generated an empty chunk: "company.admin.employees.delete.api-route".
Generated an empty chunk: "company.admin.employees.invite.api-route".
Generated an empty chunk: "company.admin.employees.cancel-invite.api-route".
Generated an empty chunk: "company.admin.contacts.api-route".
Generated an empty chunk: "company.admin.contacts.create.api-route".
Generated an empty chunk: "company.admin.contacts.update.api-route".
Generated an empty chunk: "company.admin.contacts.delete.api-route".
Generated an empty chunk: "company.booking.api-route".
Generated an empty chunk: "company.booking.profile.api-route".
Generated an empty chunk: "company.booking.profile.create-or-update.api-route".
Generated an empty chunk: "company.booking.profile.daily-schedule.api-route".
Generated an empty chunk: "company.booking.profile.daily-schedule.create-or-update.api-route".
Generated an empty chunk: "company.booking.profile.daily-schedule.create-bulk.api-route".
Generated an empty chunk: "company.booking.profile.daily-schedule.delete.api-route".
Generated an empty chunk: "company.booking.admin.api-route".
Generated an empty chunk: "company.booking.admin.service-groups.api-route".
Generated an empty chunk: "company.booking.admin.service-groups.create.api-route".
Generated an empty chunk: "company.booking.admin.service-groups.update.api-route".
Generated an empty chunk: "company.booking.admin.service-groups.delete.api-route".
rendering chunks...
computing gzip size...
build/client/.vite/manifest.json                                                                    68.63 kB │ gzip:  5.63 kB
build/client/assets/root-5jctW0Fd.css                                                              141.07 kB │ gzip: 20.75 kB
build/client/assets/company.api-route-l0sNRNKZ.js                                                    0.00 kB │ gzip:  0.02 kB
build/client/assets/company.admin.api-route-l0sNRNKZ.js                                              0.00 kB │ gzip:  0.02 kB
build/client/assets/company.admin.employees.api-route-l0sNRNKZ.js                                    0.00 kB │ gzip:  0.02 kB
build/client/assets/company.admin.employees.edit.api-route-l0sNRNKZ.js                               0.00 kB │ gzip:  0.02 kB
build/client/assets/company.admin.employees.delete.api-route-l0sNRNKZ.js                             0.00 kB │ gzip:  0.02 kB
build/client/assets/company.admin.employees.invite.api-route-l0sNRNKZ.js                             0.00 kB │ gzip:  0.02 kB
build/client/assets/company.admin.employees.cancel-invite.api-route-l0sNRNKZ.js                      0.00 kB │ gzip:  0.02 kB
build/client/assets/company.admin.contacts.api-route-l0sNRNKZ.js                                     0.00 kB │ gzip:  0.02 kB
build/client/assets/company.admin.contacts.create.api-route-l0sNRNKZ.js                              0.00 kB │ gzip:  0.02 kB
build/client/assets/company.admin.contacts.update.api-route-l0sNRNKZ.js                              0.00 kB │ gzip:  0.02 kB
build/client/assets/company.admin.contacts.delete.api-route-l0sNRNKZ.js                              0.00 kB │ gzip:  0.02 kB
build/client/assets/company.booking.api-route-l0sNRNKZ.js                                            0.00 kB │ gzip:  0.02 kB
build/client/assets/company.booking.profile.api-route-l0sNRNKZ.js                                    0.00 kB │ gzip:  0.02 kB
build/client/assets/company.booking.profile.create-or-update.api-route-l0sNRNKZ.js                   0.00 kB │ gzip:  0.02 kB
build/client/assets/company.booking.profile.daily-schedule.api-route-l0sNRNKZ.js                     0.00 kB │ gzip:  0.02 kB
build/client/assets/company.booking.profile.daily-schedule.create-or-update.api-route-l0sNRNKZ.js    0.00 kB │ gzip:  0.02 kB
build/client/assets/company.booking.profile.daily-schedule.create-bulk.api-route-l0sNRNKZ.js         0.00 kB │ gzip:  0.02 kB
build/client/assets/company.booking.profile.daily-schedule.delete.api-route-l0sNRNKZ.js              0.00 kB │ gzip:  0.02 kB
build/client/assets/company.booking.admin.api-route-l0sNRNKZ.js                                      0.00 kB │ gzip:  0.02 kB
build/client/assets/company.booking.admin.service-groups.api-route-l0sNRNKZ.js                       0.00 kB │ gzip:  0.02 kB
build/client/assets/company.booking.admin.service-groups.create.api-route-l0sNRNKZ.js                0.00 kB │ gzip:  0.02 kB
build/client/assets/company.booking.admin.service-groups.update.api-route-l0sNRNKZ.js                0.00 kB │ gzip:  0.02 kB
build/client/assets/company.booking.admin.service-groups.delete.api-route-l0sNRNKZ.js                0.00 kB │ gzip:  0.02 kB
build/client/assets/auth.layout-DaXoSlmc.js                                                          0.13 kB │ gzip:  0.14 kB
build/client/assets/auth.sign-in.layout-i3HN-sra.js                                                  0.13 kB │ gzip:  0.14 kB
build/client/assets/auth.forgot-password.layout-BXpxcAMv.js                                          0.13 kB │ gzip:  0.14 kB
build/client/assets/auth.reset-password.layout-C3r6KfyP.js                                           0.13 kB │ gzip:  0.14 kB
build/client/assets/auth.accept-invite.layout-B4qZ_6GE.js                                            0.13 kB │ gzip:  0.14 kB
build/client/assets/auth.sign-out.layout-DxHsZIvn.js                                                 0.13 kB │ gzip:  0.14 kB
build/client/assets/user.layout-BXpxcAMv.js                                                          0.13 kB │ gzip:  0.14 kB
build/client/assets/user.profile.layout-D4OmLwJ3.js                                                  0.13 kB │ gzip:  0.14 kB
build/client/assets/user.company-context.layout-BUEVJ6U0.js                                          0.13 kB │ gzip:  0.14 kB
build/client/assets/company.request-role-delete.layout-BO2y-pKK.js                                   0.13 kB │ gzip:  0.14 kB
build/client/assets/company.admin.layout-Cb8B4e7W.js                                                 0.13 kB │ gzip:  0.14 kB
build/client/assets/company.admin.settings.layout-D_w4_YdH.js                                        0.13 kB │ gzip:  0.14 kB
build/client/assets/company.admin.employees.layout-FXiuH6UO.js                                       0.13 kB │ gzip:  0.14 kB
build/client/assets/company.admin.contacts.layout-n5Wafzu2.js                                        0.13 kB │ gzip:  0.14 kB
build/client/assets/company.booking.admin.layout-gi5yfmT5.js                                         0.13 kB │ gzip:  0.14 kB
build/client/assets/company.booking.admin.service-groups.layout-CE1LHbLM.js                          0.13 kB │ gzip:  0.14 kB
build/client/assets/company.booking.admin.service-groups.services.layout-CB-7f3n8.js                 0.13 kB │ gzip:  0.14 kB
build/client/assets/company.booking.profile.layout-B08Jjc3E.js                                       0.13 kB │ gzip:  0.14 kB
build/client/assets/company.booking.profile.schedule-unavailability.layout-CWR9GC06.js               0.13 kB │ gzip:  0.14 kB
build/client/assets/company.booking.appointments.layout-CE1LHbLM.js                                  0.13 kB │ gzip:  0.14 kB
build/client/assets/company.booking.appointments.create.layout-EpZxlU4R.js                           0.13 kB │ gzip:  0.14 kB
build/client/assets/booking.layout-CrB4xdmY.js                                                       0.13 kB │ gzip:  0.14 kB
build/client/assets/booking.public.layout-gi5yfmT5.js                                                0.13 kB │ gzip:  0.14 kB
build/client/assets/booking.public.appointment.session.contact.layout-BUEVJ6U0.js                    0.13 kB │ gzip:  0.14 kB
build/client/assets/booking.public.appointment.session.employee.layout-DOW5W6Te.js                   0.13 kB │ gzip:  0.14 kB
build/client/assets/booking.public.appointment.session.select-services.layout-BHBGLKNr.js            0.13 kB │ gzip:  0.14 kB
build/client/assets/booking.public.appointment.session.select-time.layout-BiwIEdsO.js                0.13 kB │ gzip:  0.14 kB
build/client/assets/booking.public.appointment.session.overview.layout-B08Jjc3E.js                   0.13 kB │ gzip:  0.14 kB
build/client/assets/booking.public.appointment.success.layout-DcgkX6vT.js                            0.13 kB │ gzip:  0.14 kB
build/client/assets/check--NPyRFkV.js                                                                0.13 kB │ gzip:  0.15 kB
build/client/assets/user.profile.route-Q6EWNGHz.js                                                   0.14 kB │ gzip:  0.15 kB
build/client/assets/chevron-down-BgFlhPvc.js                                                         0.14 kB │ gzip:  0.15 kB
build/client/assets/chevron-up-DRANVehC.js                                                           0.14 kB │ gzip:  0.15 kB
build/client/assets/chevron-right-Dfj2HayX.js                                                        0.14 kB │ gzip:  0.15 kB
build/client/assets/chevron-left-DXbSU4FG.js                                                         0.14 kB │ gzip:  0.15 kB
build/client/assets/auth.route-DXZJ4zjZ.js                                                           0.14 kB │ gzip:  0.15 kB
build/client/assets/booking.route-DjHJUZoE.js                                                        0.15 kB │ gzip:  0.16 kB
build/client/assets/loader-circle-DYf68Y9e.js                                                        0.15 kB │ gzip:  0.16 kB
build/client/assets/booking.public.route-x1MVNwbm.js                                                 0.15 kB │ gzip:  0.16 kB
build/client/assets/company.request-role-delete.route-C6lVugdv.js                                    0.16 kB │ gzip:  0.16 kB
build/client/assets/x-uMHBT73q.js                                                                    0.17 kB │ gzip:  0.16 kB
build/client/assets/booking.public.appointment.session.layout-Vx-ApIrc.js                            0.17 kB │ gzip:  0.17 kB
build/client/assets/clock-Bsx3AJCE.js                                                                0.18 kB │ gzip:  0.17 kB
build/client/assets/arrow-right-Cn4wSBtP.js                                                          0.18 kB │ gzip:  0.17 kB
build/client/assets/search-C_LqtEo0.js                                                               0.18 kB │ gzip:  0.17 kB
build/client/assets/file.utils-CL3sy4wl.js                                                           0.18 kB │ gzip:  0.17 kB
build/client/assets/circle-check-Bgitd0gm.js                                                         0.19 kB │ gzip:  0.17 kB
build/client/assets/user-BISK50OY.js                                                                 0.20 kB │ gzip:  0.19 kB
build/client/assets/user.route-YTl6tjH0.js                                                           0.21 kB │ gzip:  0.19 kB
build/client/assets/info-Cqd1-bep.js                                                                 0.21 kB │ gzip:  0.18 kB
build/client/assets/mail-AKeKbcmm.js                                                                 0.23 kB │ gzip:  0.21 kB
build/client/assets/dollar-sign-BYQLv0ae.js                                                          0.23 kB │ gzip:  0.20 kB
build/client/assets/briefcase-BrNUD4LZ.js                                                            0.23 kB │ gzip:  0.21 kB
build/client/assets/pen-wh7fw6Rl.js                                                                  0.25 kB │ gzip:  0.21 kB
build/client/assets/circle-alert-DRFbGCDU.js                                                         0.26 kB │ gzip:  0.19 kB
build/client/assets/map-pin-DUXgUZ-r.js                                                              0.27 kB │ gzip:  0.23 kB
build/client/assets/calendar-CY_BwinC.js                                                             0.27 kB │ gzip:  0.21 kB
build/client/assets/image-Bmj1IGnx.js                                                                0.28 kB │ gzip:  0.23 kB
build/client/assets/house-bH-F-_xp.js                                                                0.29 kB │ gzip:  0.23 kB
build/client/assets/users-DFS_zD03.js                                                                0.32 kB │ gzip:  0.23 kB
build/client/assets/company.booking.admin.settings.layout-C8YhUOSJ.js                                0.32 kB │ gzip:  0.25 kB
build/client/assets/phone-C3Wnu92v.js                                                                0.33 kB │ gzip:  0.24 kB
build/client/assets/trash-2-DTZukRLO.js                                                              0.34 kB │ gzip:  0.23 kB
build/client/assets/building-2-DM9RdNKf.js                                                           0.40 kB │ gzip:  0.25 kB
build/client/assets/index-BpI6S1S6.js                                                                0.41 kB │ gzip:  0.28 kB
build/client/assets/sparkles-Dm1mMszc.js                                                             0.51 kB │ gzip:  0.29 kB
build/client/assets/user-plus-BUgmJd8D.js                                                            0.54 kB │ gzip:  0.34 kB
build/client/assets/booking.public.appointment.session.route-B3LQvmOm.js                             0.55 kB │ gzip:  0.35 kB
build/client/assets/formatISO-BK9n_WfC.js                                                            0.55 kB │ gzip:  0.39 kB
build/client/assets/company.booking.admin.settings.route-D82OZ8Gl.js                                 0.61 kB │ gzip:  0.39 kB
build/client/assets/company.booking.admin.route-D6l6QVVj.js                                          0.62 kB │ gzip:  0.39 kB
build/client/assets/company.admin.settings.route-CRUnLc20.js                                         0.68 kB │ gzip:  0.42 kB
build/client/assets/index-CdJFUDDL.js                                                                0.70 kB │ gzip:  0.42 kB
build/client/assets/input-CHRcHBoB.js                                                                0.71 kB │ gzip:  0.41 kB
build/client/assets/user-check-D8YrxVrk.js                                                           0.77 kB │ gzip:  0.45 kB
build/client/assets/auth.sign-out.route-DtuE_eGj.js                                                  0.82 kB │ gzip:  0.50 kB
build/client/assets/root-C_CI7_II.js                                                                 0.88 kB │ gzip:  0.49 kB
build/client/assets/booking.public.appointment.layout-B6ljLhLC.js                                    0.95 kB │ gzip:  0.54 kB
build/client/assets/label-ofWk0Jp0.js                                                                1.06 kB │ gzip:  0.65 kB
build/client/assets/createLucideIcon-C3tfvjru.js                                                     1.18 kB │ gzip:  0.70 kB
build/client/assets/badge-C-J8_OGc.js                                                                1.26 kB │ gzip:  0.61 kB
build/client/assets/auth.forgot-password.route-BtVl8LgX.js                                           1.36 kB │ gzip:  0.77 kB
build/client/assets/auth.reset-password.route-Bt1tsJw4.js                                            1.38 kB │ gzip:  0.71 kB
build/client/assets/auth.sign-in.route-Bapl43lo.js                                                   1.45 kB │ gzip:  0.78 kB
build/client/assets/auth.accept-invite.route-D-Sh3f7E.js                                             1.64 kB │ gzip:  0.80 kB
build/client/assets/index-CbnjCpn0.js                                                                1.83 kB │ gzip:  0.87 kB
build/client/assets/auth.form-button-Cz5EZpDG.js                                                     1.90 kB │ gzip:  0.79 kB
build/client/assets/booking.public.appointment.route-CoE3mrSP.js                                     2.04 kB │ gzip:  0.87 kB
build/client/assets/dialog-B4m7JjxC.js                                                               2.11 kB │ gzip:  0.85 kB
build/client/assets/user.company-context.route-DwSc-h5j.js                                           2.33 kB │ gzip:  1.00 kB
build/client/assets/contact.form-dialog-DthVnc4n.js                                                  2.55 kB │ gzip:  1.20 kB
build/client/assets/index-CE0cuGOl.js                                                                2.70 kB │ gzip:  1.22 kB
build/client/assets/company.layout-D8pNH216.js                                                       2.86 kB │ gzip:  1.27 kB
build/client/assets/company.booking.layout-BY75yobO.js                                               3.04 kB │ gzip:  1.08 kB
build/client/assets/company.admin.contacts.route-CLqYnMFF.js                                         3.46 kB │ gzip:  1.58 kB
build/client/assets/index-DzbDEam-.js                                                                3.60 kB │ gzip:  1.63 kB
build/client/assets/card-Cu79p0nE.js                                                                 3.68 kB │ gzip:  1.20 kB
build/client/assets/index-qMVgAzH9.js                                                                3.71 kB │ gzip:  1.42 kB
build/client/assets/company.booking.admin.service-groups.route-BiGmTLG9.js                           3.81 kB │ gzip:  1.73 kB
build/client/assets/button-jR_eA2vz.js                                                               3.84 kB │ gzip:  1.10 kB
build/client/assets/booking.public.appointment.session.employee.route-S8553XXc.js                    3.96 kB │ gzip:  1.54 kB
build/client/assets/page-header-w3KQ_vbo.js                                                          4.64 kB │ gzip:  1.97 kB
build/client/assets/form-dialog-BDIXAbKT.js                                                          5.12 kB │ gzip:  1.62 kB
build/client/assets/index-C63iu0Bp.js                                                                6.45 kB │ gzip:  2.60 kB
build/client/assets/index-C5tVfSYv.js                                                                6.57 kB │ gzip:  2.52 kB
build/client/assets/popover-DOsxtfmF.js                                                              6.89 kB │ gzip:  2.52 kB
build/client/assets/accordion-BcT4-uTm.js                                                            7.50 kB │ gzip:  2.68 kB
build/client/assets/route-tree-Bj8SjJTw.js                                                           8.10 kB │ gzip:  1.55 kB
build/client/assets/booking.public.appointment.session.overview.route-BiSygANd.js                    8.18 kB │ gzip:  2.56 kB
build/client/assets/root.route-CQfNZGhQ.js                                                           8.25 kB │ gzip:  2.36 kB
build/client/assets/company.booking.admin.service-groups.services.route-KZZ7og0n.js                  8.79 kB │ gzip:  3.53 kB
build/client/assets/booking-layout-DxwqOi_p.js                                                      10.27 kB │ gzip:  2.99 kB
build/client/assets/booking.public.appointment.success.route-CfsRjclM.js                            12.51 kB │ gzip:  3.93 kB
build/client/assets/company.booking.profile.schedule-unavailability.route-B13LZXfP.js               12.85 kB │ gzip:  4.44 kB
build/client/assets/booking.public.appointment.session.select-time.route-rtlXsc9q.js                14.42 kB │ gzip:  4.64 kB
build/client/assets/company.booking.profile.route-DCLLy0cH.js                                       14.94 kB │ gzip:  4.70 kB
build/client/assets/company.admin.employees.route-DpMGY7bA.js                                       15.66 kB │ gzip:  5.49 kB
build/client/assets/server-paginated-table-DZK6mJxv.js                                              16.27 kB │ gzip:  4.69 kB
build/client/assets/company.admin.route-CLUi-mkc.js                                                 16.56 kB │ gzip:  3.54 kB
build/client/assets/index-Bfj31W_b.js                                                               18.97 kB │ gzip:  4.45 kB
build/client/assets/Combination-Cdp19blD.js                                                         20.49 kB │ gzip:  7.41 kB
build/client/assets/company.booking.route-Ccnfz0vG.js                                               22.80 kB │ gzip:  4.41 kB
build/client/assets/select-2i6r-LRB.js                                                              24.21 kB │ gzip:  8.38 kB
build/client/assets/utils-CBfrqCZ4.js                                                               24.86 kB │ gzip:  7.93 kB
build/client/assets/company.booking.appointments.create.route-DVi7C0Tz.js                           25.65 kB │ gzip:  7.80 kB
build/client/assets/index-j9cIyQPL.js                                                               27.39 kB │ gzip: 10.58 kB
build/client/assets/booking.public.appointment.session.select-services.route-DKaqmlT7.js            32.70 kB │ gzip: 12.37 kB
build/client/assets/company.booking.appointments.route-D23t8jKC.js                                  33.75 kB │ gzip: 10.23 kB
build/client/assets/booking.public.appointment.session.contact.route-BBfweTS3.js                    37.85 kB │ gzip: 13.46 kB
build/client/assets/root.layout-Drtn0QpQ.js                                                         39.65 kB │ gzip: 11.45 kB
build/client/assets/company.route-DFiq3bzv.js                                                       46.57 kB │ gzip: 18.28 kB
build/client/assets/schemas-DyZ63mDo.js                                                             51.41 kB │ gzip: 13.81 kB
build/client/assets/calendar-DFZFi2E8.js                                                            67.16 kB │ gzip: 20.05 kB
build/client/assets/chunk-EPOLDU6W-Dq0x7StC.js                                                     125.31 kB │ gzip: 42.46 kB
build/client/assets/entry.client-CLw50lES.js                                                       189.44 kB │ gzip: 60.03 kB
✓ built in 3.22s
vite v7.3.1 building ssr environment for production...
transforming...
"useLoaderData" is imported from external module "react-router" but never used in "node_modules/@react-router/dev/dist/config/defaults/entry.server.node.tsx", "app/routes/auth/auth.layout.tsx", "app/routes/auth/auth.route.tsx", "app/routes/booking/booking.layout.tsx", "app/routes/booking/booking.route.tsx", "app/routes/auth/sign-in/auth.sign-in.layout.tsx", "app/routes/auth/forgot-password/auth.forgot-password.layout.tsx", "app/routes/auth/reset-password/auth.reset-password.layout.tsx", "app/routes/auth/accept-invite/auth.accept-invite.layout.tsx", "app/routes/auth/sign-out/auth.sign-out.layout.tsx", "app/routes/user/company-context/user.company-context.layout.tsx", "app/routes/user/profile/user.profile.layout.tsx", "app/routes/company/request-role-delete/company.request-role-delete.route.tsx", "app/routes/company/request-role-delete/company.request-role-delete.layout.tsx", "app/routes/company/admin/company.admin.layout.tsx", "app/routes/booking/public/booking.public.route.tsx", "app/routes/booking/public/booking.public.layout.tsx", "app/routes/company/admin/employees/company.admin.employees.layout.tsx", "app/routes/company/admin/contacts/company.admin.contacts.layout.tsx", "app/routes/company/admin/settings/company.admin.settings.layout.tsx", "app/routes/company/booking/admin/company.booking.admin.layout.tsx", "app/routes/company/booking/profile/company.booking.profile.layout.tsx", "app/routes/company/booking/appointments/company.booking.appointments.layout.tsx", "app/routes/company/booking/admin/settings/company.booking.admin.settings.layout.tsx", "app/routes/company/booking/profile/schedule-unavailability/company.booking.profile.schedule-unavailability.layout.tsx", "app/routes/company/booking/admin/service-groups/company.booking.admin.service-groups.layout.tsx", "app/routes/booking/public/appointment/booking.public.appointment.route.tsx", "app/routes/booking/public/appointment/booking.public.appointment.layout.tsx", "app/routes/company/booking/appointments/create/company.booking.appointments.create.layout.tsx", "app/routes/booking/public/appointment/session/booking.public.appointment.session.layout.tsx", "app/routes/booking/public/appointment/success/booking.public.appointment.success.layout.tsx", "app/routes/company/booking/admin/service-groups/services/company.booking.admin.service-groups.services.layout.tsx", "app/routes/booking/public/appointment/session/contact/booking.public.appointment.session.contact.layout.tsx", "app/routes/booking/public/appointment/session/employee/booking.public.appointment.session.employee.layout.tsx", "app/routes/booking/public/appointment/session/select-services/booking.public.appointment.session.select-services.layout.tsx", "app/routes/booking/public/appointment/session/select-time/booking.public.appointment.session.select-time.layout.tsx", "app/routes/booking/public/appointment/session/overview/booking.public.appointment.session.overview.layout.tsx", "app/root.tsx", "app/routes/user/user.layout.tsx", "app/routes/user/profile/user.profile.route.tsx", "app/routes/company/_lib/flash-message.server.ts", "app/routes/auth/_components/auth.form-container.tsx", "app/routes/auth/_features/auth.cookies.server.ts", "app/routes/auth/accept-invite/auth.accept-invite.route.tsx", "app/routes/auth/forgot-password/auth.forgot-password.route.tsx", "app/routes/api/company/admin/employees/edit/company.admin.employees.edit.api-route.ts", "app/routes/api/company/admin/employees/delete/company.admin.employees.delete.api-route.ts", "app/routes/api/company/admin/employees/cancel-invite/company.admin.employees.cancel-invite.api-route.ts", "app/routes/api/company/admin/employees/invite/company.admin.employees.invite.api-route.ts", "app/routes/company/booking/company.booking.route.tsx", "app/routes/api/company/booking/profile/daily-schedule/create-or-update/company.booking.profile.daily-schedule.create-or-update.api-route.ts", "app/routes/api/company/booking/profile/create-or-update/company.booking.profile.create-or-update.api-route.ts", "app/routes/api/company/booking/profile/daily-schedule/create-bulk/company.booking.profile.daily-schedule.create-bulk.api-route.ts", "app/routes/api/company/booking/profile/daily-schedule/delete/company.booking.profile.daily-schedule.delete.api-route.ts", "app/routes/company/booking/admin/company.booking.admin.route.tsx", "app/routes/company/booking/admin/settings/company.booking.admin.settings.route.tsx", "app/lib/appointments.server.ts", "app/routes/booking/public/appointment/session/booking.public.appointment.session.route.tsx", "app/routes/company/booking/company.booking.layout.tsx", "app/routes/root.route.tsx", "app/routes/company/admin/company.admin.route.tsx", "app/routes/booking/public/appointment/session/overview/booking.public.appointment.session.overview.route.tsx", "app/routes/booking/public/appointment/_components/booking-layout.tsx", "app/routes/booking/public/appointment/success/booking.public.appointment.success.route.tsx", "app/routes/_components/sidebar.tsx", "app/routes/company/booking/admin/service-groups/services/company.booking.admin.service-groups.services.route.tsx", "app/routes/booking/public/appointment/session/employee/booking.public.appointment.session.employee.route.tsx", "app/routes/booking/public/appointment/session/select-time/_features/appointment.session.select-time.action.ts", "app/routes/booking/public/appointment/session/select-time/_features/appointment.session.select-time.loader.ts", "app/routes/booking/public/appointment/session/select-time/booking.public.appointment.session.select-time.route.tsx", "app/routes/booking/public/appointment/session/select-services/booking.public.appointment.session.select-services.route.tsx", "app/routes/_components/mobile-sidebar.tsx", "app/components/layout/sidebar-breadcrums.tsx", "app/routes/company/company.layout.tsx", "app/routes/auth/sign-out/auth.sign-out.route.tsx", "app/routes/user/user.route.tsx", "app/routes/auth/reset-password/auth.reset-password.route.tsx", "app/routes/company/admin/employees/tables/invites.table.tsx", "app/components/layout/company-header.tsx", "app/routes/auth/sign-in/auth.sign-in.route.tsx", "app/components/layout/navbar.tsx", "app/routes/company/admin/settings/company.admin.settings.route.tsx", "app/routes/company/company.route.tsx", "app/routes/company/booking/admin/service-groups/company.booking.admin.service-groups.route.tsx", "app/routes/company/booking/appointments/_components/appointment.card-row.tsx", "app/routes/company/booking/appointments/_components/appointment.table-row.tsx", "app/routes/company/admin/employees/forms/edit-employee.form-dialog.tsx", "app/routes/company/admin/employees/tables/employees.table.tsx", "app/routes/company/booking/profile/company.booking.profile.route.tsx", "app/routes/company/booking/appointments/_components/appointment.table-header-slot.tsx", "app/routes/company/booking/profile/schedule-unavailability/company.booking.profile.schedule-unavailability.route.tsx", "app/lib/auth-service.ts", "app/routes/company/booking/appointments/create/_components/appointment-create.wizard.tsx", "app/routes/company/booking/appointments/create/company.booking.appointments.create.route.tsx", "app/routes/company/admin/employees/forms/invite-employee.form-dialog.tsx", "app/routes/company/admin/employees/company.admin.employees.route.tsx", "app/routes/company/admin/contacts/_components/contact.form-dialog.tsx", "app/routes/company/admin/contacts/_components/contacts.table.tsx", "app/routes/company/admin/contacts/company.admin.contacts.route.tsx", "app/routes/booking/public/appointment/session/contact/booking.public.appointment.session.contact.route.tsx", "app/routes/_features/root.loader.ts", "app/routes/root.layout.tsx", "app/routes/company/booking/appointments/company.booking.appointments.route.tsx" and "app/routes/user/company-context/user.company-context.route.tsx".
"CircleIcon" is imported from external module "lucide-react" but never used in "app/routes/_components/heros/root-page-hero-minimalist.tsx", "app/routes/_components/heros/root-page.hero.tsx", "app/routes/_components/heros/root-page-hero-with-status-bar.tsx", "app/routes/_components/heros/root-page-hero-with-split-feature.tsx", "app/routes/_components/flash-message-banner.tsx", "app/routes/user/company-context/_components/company-context-summary-card.tsx", "app/routes/company/booking/company.booking.route.tsx", "app/components/dialog/create-image-upload-renderer.tsx", "app/routes/booking/public/appointment/session/booking.public.appointment.session.route.tsx", "app/components/ui/accordion.tsx", "app/routes/company/admin/company.admin.route.tsx", "app/routes/booking/public/appointment/session/overview/booking.public.appointment.session.overview.route.tsx", "app/routes/booking/public/appointment/_components/booking-layout.tsx", "app/routes/booking/public/appointment/success/booking.public.appointment.success.route.tsx", "app/routes/company/_components/images-field.tsx", "app/components/ui/dialog.tsx", "app/routes/booking/public/appointment/session/select-time/booking.public.appointment.session.select-time.route.tsx", "app/components/ui/carousel.tsx", "app/routes/booking/public/appointment/session/select-services/booking.public.appointment.session.select-services.route.tsx", "app/lib/route-icon-map.ts", "app/components/ui/breadcrumb.tsx", "app/components/layout/company-header.tsx", "app/components/ui/dropdown-menu.tsx", "app/components/layout/navbar.tsx", "app/routes/company/_components/page-header.tsx", "app/routes/company/company.route.tsx", "app/routes/company/booking/appointments/_components/appointment.card-row.tsx", "app/routes/company/admin/employees/tables/employees.table.tsx", "app/components/ui/select.tsx", "app/components/ui/calendar.tsx", "app/routes/company/booking/appointments/_components/appointment.table-header-slot.tsx", "app/routes/company/booking/profile/schedule-unavailability/_components/schedule-unavailability-form-dialog.tsx", "app/routes/company/booking/profile/schedule-unavailability/company.booking.profile.schedule-unavailability.route.tsx", "app/routes/company/booking/_components/contact-selector.tsx", "app/routes/company/booking/_components/date-time-selector.tsx", "app/routes/company/booking/_components/services-selector.tsx", "app/routes/company/booking/appointments/create/_components/appointment-create.wizard.tsx", "app/components/ui/checkbox.tsx", "app/routes/company/admin/contacts/_components/contacts.table.tsx", "app/routes/booking/public/appointment/session/contact/_forms/submit-contact.form.tsx", "app/routes/booking/public/appointment/session/contact/booking.public.appointment.session.contact.route.tsx", "app/components/table/servier-side-table/table-desktop-header.tsx", "app/routes/root.layout.tsx", "app/components/table/servier-side-table/table-desktop-footer.tsx", "app/components/table/servier-side-table/table-desktop-view.tsx", "app/components/table/servier-side-table/table-mobile-pagination.tsx" and "app/components/table/servier-side-table/table-mobile-view.tsx".
"DayButton" and "Chevron" are imported from external module "react-day-picker" but never used in "app/components/ui/calendar.tsx" and "app/routes/company/booking/appointments/_components/appointment.table-header-slot.tsx".
✓ 225 modules transformed.
rendering chunks...
build/server/.vite/manifest.json                 0.23 kB
build/server/assets/server-build-5jctW0Fd.css  141.07 kB
build/server/index.js                          789.83 kB

✓ 1 asset cleaned from React Router server build.
build/server/assets/server-build-5jctW0Fd.css

✓ built in 705ms
